;KRNOL.LST listing file ver. 1.0
;Intro graphics & palettes
GRAPHS\INTRO00.VGA
GRAPHS\INTRO00.PAL
GRAPHS\INTRO01.VGA
GRAPHS\INTRO01.PAL
GRAPHS\INTRO02.VGA
GRAPHS\INTRO02.PAL
GRAPHS\INTRO03.VGA
GRAPHS\INTRO03.PAL
GRAPHS\INTRO04.VGA
GRAPHS\INTRO04.PAL
;Logo graphics & palettes
GRAPHS\LOGO00.VGA
GRAPHS\LOGO00.PAL
GRAPHS\LOGO01.VGA
GRAPHS\LOGO01.PAL
GRAPHS\LOGO02.VGA
GRAPHS\LOGO02.PAL
GRAPHS\LOGO03.VGA
GRAPHS\LOGO03.PAL
GRAPHS\LOGO04.VGA
GRAPHS\LOGO04.PAL
GRAPHS\LOGO05.VGA
GRAPHS\LOGO05.PAL
GRAPHS\LOGO06.VGA
GRAPHS\LOGO06.PAL
GRAPHS\LOGO07.VGA
GRAPHS\LOGO07.PAL
GRAPHS\LOGO08.VGA
GRAPHS\LOGO08.PAL
;Intro wavs
SOUND\INTRO00.WAV
SOUND\INTRO01.WAV
SOUND\INTRO02.WAV
SOUND\INTRO03.WAV
SOUND\INTRO04.WAV
;Logo wavs
SOUND\LOGO00.WAV
SOUND\LOGO01.WAV
SOUND\LOGO02.WAV
SOUND\LOGO03.WAV
SOUND\LOGO04.WAV
SOUND\LOGO05.WAV
SOUND\LOGO06.WAV
SOUND\LOGO07.WAV
SOUND\LOGO08.WAV
;Programs
PROGS\WAVSPEAK.EXE
PROGS\WAVBLAST.EXE
